<?xml version="1.0" encoding="UTF-8"?>
<!-- Generated by org.testng.reporters.JUnitReportReporter -->
<testsuite hostname="ACER-PC" name="sytner.co.uk.homepage.HomePage_001_MenuItems" tests="2" failures="0" timestamp="22 Jul 2019 16:46:51 GMT" time="7.483" errors="0">
  <testcase name="MenuItems_001_AboutUs" time="2.016" classname="sytner.co.uk.homepage.HomePage_001_MenuItems"/>
  <testcase name="MenuItems_002_News" time="5.467" classname="sytner.co.uk.homepage.HomePage_001_MenuItems"/>
</testsuite> <!-- sytner.co.uk.homepage.HomePage_001_MenuItems -->
